<?xml version="1.0" encoding="UTF-8"?>
<coverage generated="1685030815077" clover="3.2.0">
  <project timestamp="1685030815077" name="All files">
    <metrics statements="35" coveredstatements="35" conditionals="31" coveredconditionals="30" methods="4" coveredmethods="4" elements="70" coveredelements="69" complexity="0" loc="35" ncloc="35" packages="1" files="1" classes="1"/>
    <file name="gilded_rose.js" path="/Users/jonpillay/Desktop/gilded-rose/js-jest/src/gilded_rose.js">
      <metrics statements="35" coveredstatements="35" conditionals="31" coveredconditionals="30" methods="4" coveredmethods="4"/>
      <line num="3" count="17" type="stmt"/>
      <line num="4" count="17" type="stmt"/>
      <line num="5" count="17" type="stmt"/>
      <line num="11" count="2" type="stmt"/>
      <line num="12" count="2" type="stmt"/>
      <line num="18" count="17" type="stmt"/>
      <line num="21" count="23" type="stmt"/>
      <line num="22" count="23" type="cond" truecount="2" falsecount="0"/>
      <line num="23" count="2" type="stmt"/>
      <line num="24" count="21" type="cond" truecount="2" falsecount="0"/>
      <line num="25" count="2" type="cond" truecount="2" falsecount="0"/>
      <line num="26" count="1" type="stmt"/>
      <line num="27" count="19" type="cond" truecount="2" falsecount="0"/>
      <line num="28" count="13" type="cond" truecount="2" falsecount="0"/>
      <line num="29" count="1" type="stmt"/>
      <line num="30" count="12" type="cond" truecount="4" falsecount="0"/>
      <line num="31" count="7" type="cond" truecount="2" falsecount="0"/>
      <line num="32" count="6" type="stmt"/>
      <line num="34" count="1" type="stmt"/>
      <line num="36" count="5" type="cond" truecount="2" falsecount="0"/>
      <line num="37" count="3" type="cond" truecount="2" falsecount="0"/>
      <line num="38" count="2" type="stmt"/>
      <line num="40" count="1" type="stmt"/>
      <line num="43" count="2" type="stmt"/>
      <line num="45" count="6" type="cond" truecount="2" falsecount="0"/>
      <line num="46" count="4" type="stmt"/>
      <line num="47" count="4" type="cond" truecount="2" falsecount="0"/>
      <line num="48" count="2" type="stmt"/>
      <line num="51" count="6" type="cond" truecount="4" falsecount="0"/>
      <line num="52" count="2" type="stmt"/>
      <line num="53" count="2" type="cond" truecount="2" falsecount="0"/>
      <line num="54" count="1" type="stmt"/>
      <line num="58" count="21" type="stmt"/>
      <line num="60" count="23" type="stmt"/>
      <line num="64" count="1" type="stmt"/>
    </file>
  </project>
</coverage>
