<?xml version="1.0" encoding="UTF-8"?>
<coverage generated="1685013899914" clover="3.2.0">
  <project timestamp="1685013899914" name="All files">
    <metrics statements="36" coveredstatements="36" conditionals="31" coveredconditionals="26" methods="3" coveredmethods="3" elements="70" coveredelements="65" complexity="0" loc="36" ncloc="36" packages="1" files="1" classes="1"/>
    <file name="gilded_rose.js" path="/Users/jonpillay/Desktop/gilded-rose/js-jest/src/gilded_rose.js">
      <metrics statements="36" coveredstatements="36" conditionals="31" coveredconditionals="26" methods="3" coveredmethods="3"/>
      <line num="3" count="12" type="stmt"/>
      <line num="4" count="12" type="stmt"/>
      <line num="5" count="12" type="stmt"/>
      <line num="11" count="12" type="stmt"/>
      <line num="14" count="12" type="stmt"/>
      <line num="15" count="12" type="cond" truecount="2" falsecount="0"/>
      <line num="16" count="2" type="cond" truecount="2" falsecount="0"/>
      <line num="17" count="1" type="stmt"/>
      <line num="18" count="1" type="stmt"/>
      <line num="19" count="1" type="stmt"/>
      <line num="21" count="10" type="cond" truecount="2" falsecount="0"/>
      <line num="22" count="2" type="cond" truecount="2" falsecount="0"/>
      <line num="23" count="1" type="stmt"/>
      <line num="24" count="1" type="stmt"/>
      <line num="25" count="1" type="stmt"/>
      <line num="26" count="1" type="stmt"/>
      <line num="28" count="8" type="cond" truecount="2" falsecount="0"/>
      <line num="29" count="4" type="cond" truecount="2" falsecount="0"/>
      <line num="30" count="2" type="stmt"/>
      <line num="33" count="4" type="cond" truecount="1" falsecount="1"/>
      <line num="34" count="4" type="stmt"/>
      <line num="35" count="4" type="cond" truecount="1" falsecount="1"/>
      <line num="36" count="4" type="cond" truecount="2" falsecount="0"/>
      <line num="37" count="3" type="cond" truecount="1" falsecount="1"/>
      <line num="38" count="3" type="stmt"/>
      <line num="41" count="4" type="cond" truecount="2" falsecount="0"/>
      <line num="42" count="2" type="cond" truecount="1" falsecount="1"/>
      <line num="43" count="2" type="stmt"/>
      <line num="49" count="8" type="stmt"/>
      <line num="50" count="8" type="cond" truecount="2" falsecount="0"/>
      <line num="51" count="3" type="cond" truecount="2" falsecount="0"/>
      <line num="52" count="2" type="cond" truecount="2" falsecount="0"/>
      <line num="53" count="1" type="stmt"/>
      <line num="56" count="1" type="stmt"/>
      <line num="61" count="12" type="stmt"/>
      <line num="65" count="1" type="stmt"/>
    </file>
  </project>
</coverage>
