{"/Users/jonpillay/Desktop/gilded-rose/js-jest/src/gilded_rose.js": {"path":"/Users/jonpillay/Desktop/gilded-rose/js-jest/src/gilded_rose.js","statementMap":{"0":{"start":{"line":3,"column":4},"end":{"line":3,"column":21}},"1":{"start":{"line":4,"column":4},"end":{"line":4,"column":25}},"2":{"start":{"line":5,"column":4},"end":{"line":5,"column":27}},"3":{"start":{"line":11,"column":4},"end":{"line":11,"column":23}},"4":{"start":{"line":14,"column":4},"end":{"line":59,"column":5}},"5":{"start":{"line":14,"column":17},"end":{"line":14,"column":18}},"6":{"start":{"line":15,"column":6},"end":{"line":20,"column":7}},"7":{"start":{"line":16,"column":8},"end":{"line":19,"column":27}},"8":{"start":{"line":17,"column":10},"end":{"line":17,"column":35}},"9":{"start":{"line":18,"column":10},"end":{"line":18,"column":18}},"10":{"start":{"line":19,"column":17},"end":{"line":19,"column":25}},"11":{"start":{"line":21,"column":6},"end":{"line":27,"column":7}},"12":{"start":{"line":22,"column":8},"end":{"line":26,"column":27}},"13":{"start":{"line":23,"column":10},"end":{"line":23,"column":36}},"14":{"start":{"line":24,"column":10},"end":{"line":24,"column":35}},"15":{"start":{"line":25,"column":10},"end":{"line":25,"column":18}},"16":{"start":{"line":26,"column":17},"end":{"line":26,"column":25}},"17":{"start":{"line":28,"column":6},"end":{"line":48,"column":7}},"18":{"start":{"line":29,"column":8},"end":{"line":31,"column":9}},"19":{"start":{"line":30,"column":10},"end":{"line":30,"column":60}},"20":{"start":{"line":33,"column":8},"end":{"line":47,"column":9}},"21":{"start":{"line":34,"column":10},"end":{"line":34,"column":60}},"22":{"start":{"line":35,"column":10},"end":{"line":46,"column":11}},"23":{"start":{"line":36,"column":12},"end":{"line":40,"column":13}},"24":{"start":{"line":37,"column":14},"end":{"line":39,"column":15}},"25":{"start":{"line":38,"column":16},"end":{"line":38,"column":66}},"26":{"start":{"line":41,"column":12},"end":{"line":45,"column":13}},"27":{"start":{"line":42,"column":14},"end":{"line":44,"column":15}},"28":{"start":{"line":43,"column":16},"end":{"line":43,"column":66}},"29":{"start":{"line":49,"column":6},"end":{"line":49,"column":54}},"30":{"start":{"line":50,"column":6},"end":{"line":58,"column":7}},"31":{"start":{"line":51,"column":8},"end":{"line":57,"column":9}},"32":{"start":{"line":52,"column":10},"end":{"line":54,"column":11}},"33":{"start":{"line":53,"column":12},"end":{"line":53,"column":62}},"34":{"start":{"line":56,"column":10},"end":{"line":56,"column":80}},"35":{"start":{"line":61,"column":4},"end":{"line":61,"column":22}},"36":{"start":{"line":65,"column":0},"end":{"line":68,"column":1}}},"fnMap":{"0":{"name":"(anonymous_0)","decl":{"start":{"line":2,"column":2},"end":{"line":2,"column":3}},"loc":{"start":{"line":2,"column":36},"end":{"line":6,"column":3}},"line":2},"1":{"name":"(anonymous_1)","decl":{"start":{"line":10,"column":2},"end":{"line":10,"column":3}},"loc":{"start":{"line":10,"column":23},"end":{"line":12,"column":3}},"line":10},"2":{"name":"(anonymous_2)","decl":{"start":{"line":13,"column":2},"end":{"line":13,"column":3}},"loc":{"start":{"line":13,"column":18},"end":{"line":62,"column":3}},"line":13}},"branchMap":{"0":{"loc":{"start":{"line":10,"column":14},"end":{"line":10,"column":22}},"type":"default-arg","locations":[{"start":{"line":10,"column":20},"end":{"line":10,"column":22}}],"line":10},"1":{"loc":{"start":{"line":15,"column":6},"end":{"line":20,"column":7}},"type":"if","locations":[{"start":{"line":15,"column":6},"end":{"line":20,"column":7}},{"start":{},"end":{}}],"line":15},"2":{"loc":{"start":{"line":16,"column":8},"end":{"line":19,"column":27}},"type":"if","locations":[{"start":{"line":16,"column":8},"end":{"line":19,"column":27}},{"start":{"line":19,"column":15},"end":{"line":19,"column":27}}],"line":16},"3":{"loc":{"start":{"line":21,"column":6},"end":{"line":27,"column":7}},"type":"if","locations":[{"start":{"line":21,"column":6},"end":{"line":27,"column":7}},{"start":{},"end":{}}],"line":21},"4":{"loc":{"start":{"line":22,"column":8},"end":{"line":26,"column":27}},"type":"if","locations":[{"start":{"line":22,"column":8},"end":{"line":26,"column":27}},{"start":{"line":26,"column":15},"end":{"line":26,"column":27}}],"line":22},"5":{"loc":{"start":{"line":28,"column":6},"end":{"line":48,"column":7}},"type":"if","locations":[{"start":{"line":28,"column":6},"end":{"line":48,"column":7}},{"start":{"line":32,"column":13},"end":{"line":48,"column":7}}],"line":28},"6":{"loc":{"start":{"line":29,"column":8},"end":{"line":31,"column":9}},"type":"if","locations":[{"start":{"line":29,"column":8},"end":{"line":31,"column":9}},{"start":{},"end":{}}],"line":29},"7":{"loc":{"start":{"line":33,"column":8},"end":{"line":47,"column":9}},"type":"if","locations":[{"start":{"line":33,"column":8},"end":{"line":47,"column":9}},{"start":{},"end":{}}],"line":33},"8":{"loc":{"start":{"line":35,"column":10},"end":{"line":46,"column":11}},"type":"if","locations":[{"start":{"line":35,"column":10},"end":{"line":46,"column":11}},{"start":{},"end":{}}],"line":35},"9":{"loc":{"start":{"line":36,"column":12},"end":{"line":40,"column":13}},"type":"if","locations":[{"start":{"line":36,"column":12},"end":{"line":40,"column":13}},{"start":{},"end":{}}],"line":36},"10":{"loc":{"start":{"line":37,"column":14},"end":{"line":39,"column":15}},"type":"if","locations":[{"start":{"line":37,"column":14},"end":{"line":39,"column":15}},{"start":{},"end":{}}],"line":37},"11":{"loc":{"start":{"line":41,"column":12},"end":{"line":45,"column":13}},"type":"if","locations":[{"start":{"line":41,"column":12},"end":{"line":45,"column":13}},{"start":{},"end":{}}],"line":41},"12":{"loc":{"start":{"line":42,"column":14},"end":{"line":44,"column":15}},"type":"if","locations":[{"start":{"line":42,"column":14},"end":{"line":44,"column":15}},{"start":{},"end":{}}],"line":42},"13":{"loc":{"start":{"line":50,"column":6},"end":{"line":58,"column":7}},"type":"if","locations":[{"start":{"line":50,"column":6},"end":{"line":58,"column":7}},{"start":{},"end":{}}],"line":50},"14":{"loc":{"start":{"line":51,"column":8},"end":{"line":57,"column":9}},"type":"if","locations":[{"start":{"line":51,"column":8},"end":{"line":57,"column":9}},{"start":{"line":55,"column":15},"end":{"line":57,"column":9}}],"line":51},"15":{"loc":{"start":{"line":52,"column":10},"end":{"line":54,"column":11}},"type":"if","locations":[{"start":{"line":52,"column":10},"end":{"line":54,"column":11}},{"start":{},"end":{}}],"line":52}},"s":{"0":12,"1":12,"2":12,"3":12,"4":12,"5":12,"6":12,"7":2,"8":1,"9":1,"10":1,"11":10,"12":2,"13":1,"14":1,"15":1,"16":1,"17":8,"18":4,"19":2,"20":4,"21":4,"22":4,"23":4,"24":3,"25":3,"26":4,"27":2,"28":2,"29":8,"30":8,"31":3,"32":2,"33":1,"34":1,"35":12,"36":1},"f":{"0":12,"1":12,"2":12},"b":{"0":[0],"1":[2,10],"2":[1,1],"3":[2,8],"4":[1,1],"5":[4,4],"6":[2,2],"7":[4,0],"8":[4,0],"9":[3,1],"10":[3,0],"11":[2,2],"12":[2,0],"13":[3,5],"14":[2,1],"15":[1,1]},"_coverageSchema":"1a1c01bbd47fc00a2c39e90264f33305004495a9","hash":"6bbf615e3c389692cddf530dcfd095d4752e12fc"}
}
