{"/Users/jonpillay/Desktop/gilded-rose/js-jest/src/gilded_rose.js": {"path":"/Users/jonpillay/Desktop/gilded-rose/js-jest/src/gilded_rose.js","statementMap":{"0":{"start":{"line":3,"column":4},"end":{"line":3,"column":21}},"1":{"start":{"line":4,"column":4},"end":{"line":4,"column":25}},"2":{"start":{"line":5,"column":4},"end":{"line":5,"column":27}},"3":{"start":{"line":11,"column":4},"end":{"line":11,"column":23}},"4":{"start":{"line":14,"column":4},"end":{"line":54,"column":5}},"5":{"start":{"line":14,"column":17},"end":{"line":14,"column":18}},"6":{"start":{"line":15,"column":6},"end":{"line":20,"column":7}},"7":{"start":{"line":16,"column":8},"end":{"line":19,"column":27}},"8":{"start":{"line":17,"column":10},"end":{"line":17,"column":35}},"9":{"start":{"line":18,"column":10},"end":{"line":18,"column":18}},"10":{"start":{"line":19,"column":17},"end":{"line":19,"column":25}},"11":{"start":{"line":21,"column":6},"end":{"line":41,"column":7}},"12":{"start":{"line":22,"column":8},"end":{"line":24,"column":9}},"13":{"start":{"line":23,"column":10},"end":{"line":23,"column":60}},"14":{"start":{"line":26,"column":8},"end":{"line":40,"column":9}},"15":{"start":{"line":27,"column":10},"end":{"line":27,"column":60}},"16":{"start":{"line":28,"column":10},"end":{"line":39,"column":11}},"17":{"start":{"line":29,"column":12},"end":{"line":33,"column":13}},"18":{"start":{"line":30,"column":14},"end":{"line":32,"column":15}},"19":{"start":{"line":31,"column":16},"end":{"line":31,"column":66}},"20":{"start":{"line":34,"column":12},"end":{"line":38,"column":13}},"21":{"start":{"line":35,"column":14},"end":{"line":37,"column":15}},"22":{"start":{"line":36,"column":16},"end":{"line":36,"column":66}},"23":{"start":{"line":42,"column":6},"end":{"line":42,"column":54}},"24":{"start":{"line":43,"column":6},"end":{"line":53,"column":7}},"25":{"start":{"line":44,"column":8},"end":{"line":52,"column":9}},"26":{"start":{"line":45,"column":10},"end":{"line":51,"column":11}},"27":{"start":{"line":46,"column":12},"end":{"line":48,"column":13}},"28":{"start":{"line":47,"column":14},"end":{"line":47,"column":64}},"29":{"start":{"line":50,"column":12},"end":{"line":50,"column":82}},"30":{"start":{"line":56,"column":4},"end":{"line":56,"column":22}},"31":{"start":{"line":60,"column":0},"end":{"line":63,"column":1}}},"fnMap":{"0":{"name":"(anonymous_0)","decl":{"start":{"line":2,"column":2},"end":{"line":2,"column":3}},"loc":{"start":{"line":2,"column":36},"end":{"line":6,"column":3}},"line":2},"1":{"name":"(anonymous_1)","decl":{"start":{"line":10,"column":2},"end":{"line":10,"column":3}},"loc":{"start":{"line":10,"column":23},"end":{"line":12,"column":3}},"line":10},"2":{"name":"(anonymous_2)","decl":{"start":{"line":13,"column":2},"end":{"line":13,"column":3}},"loc":{"start":{"line":13,"column":18},"end":{"line":57,"column":3}},"line":13}},"branchMap":{"0":{"loc":{"start":{"line":10,"column":14},"end":{"line":10,"column":22}},"type":"default-arg","locations":[{"start":{"line":10,"column":20},"end":{"line":10,"column":22}}],"line":10},"1":{"loc":{"start":{"line":15,"column":6},"end":{"line":20,"column":7}},"type":"if","locations":[{"start":{"line":15,"column":6},"end":{"line":20,"column":7}},{"start":{},"end":{}}],"line":15},"2":{"loc":{"start":{"line":16,"column":8},"end":{"line":19,"column":27}},"type":"if","locations":[{"start":{"line":16,"column":8},"end":{"line":19,"column":27}},{"start":{"line":19,"column":15},"end":{"line":19,"column":27}}],"line":16},"3":{"loc":{"start":{"line":21,"column":6},"end":{"line":41,"column":7}},"type":"if","locations":[{"start":{"line":21,"column":6},"end":{"line":41,"column":7}},{"start":{"line":25,"column":13},"end":{"line":41,"column":7}}],"line":21},"4":{"loc":{"start":{"line":21,"column":10},"end":{"line":21,"column":112}},"type":"binary-expr","locations":[{"start":{"line":21,"column":10},"end":{"line":21,"column":43}},{"start":{"line":21,"column":47},"end":{"line":21,"column":112}}],"line":21},"5":{"loc":{"start":{"line":22,"column":8},"end":{"line":24,"column":9}},"type":"if","locations":[{"start":{"line":22,"column":8},"end":{"line":24,"column":9}},{"start":{},"end":{}}],"line":22},"6":{"loc":{"start":{"line":26,"column":8},"end":{"line":40,"column":9}},"type":"if","locations":[{"start":{"line":26,"column":8},"end":{"line":40,"column":9}},{"start":{},"end":{}}],"line":26},"7":{"loc":{"start":{"line":28,"column":10},"end":{"line":39,"column":11}},"type":"if","locations":[{"start":{"line":28,"column":10},"end":{"line":39,"column":11}},{"start":{},"end":{}}],"line":28},"8":{"loc":{"start":{"line":29,"column":12},"end":{"line":33,"column":13}},"type":"if","locations":[{"start":{"line":29,"column":12},"end":{"line":33,"column":13}},{"start":{},"end":{}}],"line":29},"9":{"loc":{"start":{"line":30,"column":14},"end":{"line":32,"column":15}},"type":"if","locations":[{"start":{"line":30,"column":14},"end":{"line":32,"column":15}},{"start":{},"end":{}}],"line":30},"10":{"loc":{"start":{"line":34,"column":12},"end":{"line":38,"column":13}},"type":"if","locations":[{"start":{"line":34,"column":12},"end":{"line":38,"column":13}},{"start":{},"end":{}}],"line":34},"11":{"loc":{"start":{"line":35,"column":14},"end":{"line":37,"column":15}},"type":"if","locations":[{"start":{"line":35,"column":14},"end":{"line":37,"column":15}},{"start":{},"end":{}}],"line":35},"12":{"loc":{"start":{"line":43,"column":6},"end":{"line":53,"column":7}},"type":"if","locations":[{"start":{"line":43,"column":6},"end":{"line":53,"column":7}},{"start":{},"end":{}}],"line":43},"13":{"loc":{"start":{"line":44,"column":8},"end":{"line":52,"column":9}},"type":"if","locations":[{"start":{"line":44,"column":8},"end":{"line":52,"column":9}},{"start":{},"end":{}}],"line":44},"14":{"loc":{"start":{"line":45,"column":10},"end":{"line":51,"column":11}},"type":"if","locations":[{"start":{"line":45,"column":10},"end":{"line":51,"column":11}},{"start":{"line":49,"column":17},"end":{"line":51,"column":11}}],"line":45},"15":{"loc":{"start":{"line":46,"column":12},"end":{"line":48,"column":13}},"type":"if","locations":[{"start":{"line":46,"column":12},"end":{"line":48,"column":13}},{"start":{},"end":{}}],"line":46}},"s":{"0":11,"1":11,"2":11,"3":11,"4":11,"5":11,"6":11,"7":1,"8":1,"9":1,"10":0,"11":10,"12":4,"13":2,"14":6,"15":5,"16":5,"17":4,"18":3,"19":3,"20":4,"21":2,"22":2,"23":10,"24":10,"25":3,"26":3,"27":2,"28":1,"29":1,"30":11,"31":1},"f":{"0":11,"1":11,"2":11},"b":{"0":[0],"1":[1,10],"2":[1,0],"3":[4,6],"4":[10,8],"5":[2,2],"6":[5,1],"7":[4,1],"8":[3,1],"9":[3,0],"10":[2,2],"11":[2,0],"12":[3,7],"13":[3,0],"14":[2,1],"15":[1,1]},"_coverageSchema":"1a1c01bbd47fc00a2c39e90264f33305004495a9","hash":"a69dfc34a2ab321966017401fe0a0d715aec4b79"}
}
