TN:
SF:src/gilded_rose.js
FN:2,(anonymous_0)
FN:10,(anonymous_1)
FN:13,(anonymous_2)
FNF:3
FNH:3
FNDA:11,(anonymous_0)
FNDA:11,(anonymous_1)
FNDA:11,(anonymous_2)
DA:3,11
DA:4,11
DA:5,11
DA:11,11
DA:14,11
DA:15,11
DA:16,1
DA:17,1
DA:18,1
DA:19,0
DA:21,10
DA:22,4
DA:23,2
DA:26,6
DA:27,5
DA:28,5
DA:29,4
DA:30,3
DA:31,3
DA:34,4
DA:35,2
DA:36,2
DA:42,10
DA:43,10
DA:44,3
DA:45,3
DA:46,2
DA:47,1
DA:50,1
DA:56,11
DA:60,1
LF:31
LH:30
BRDA:10,0,0,0
BRDA:15,1,0,1
BRDA:15,1,1,10
BRDA:16,2,0,1
BRDA:16,2,1,0
BRDA:21,3,0,4
BRDA:21,3,1,6
BRDA:21,4,0,10
BRDA:21,4,1,8
BRDA:22,5,0,2
BRDA:22,5,1,2
BRDA:26,6,0,5
BRDA:26,6,1,1
BRDA:28,7,0,4
BRDA:28,7,1,1
BRDA:29,8,0,3
BRDA:29,8,1,1
BRDA:30,9,0,3
BRDA:30,9,1,0
BRDA:34,10,0,2
BRDA:34,10,1,2
BRDA:35,11,0,2
BRDA:35,11,1,0
BRDA:43,12,0,3
BRDA:43,12,1,7
BRDA:44,13,0,3
BRDA:44,13,1,0
BRDA:45,14,0,2
BRDA:45,14,1,1
BRDA:46,15,0,1
BRDA:46,15,1,1
BRF:31
BRH:26
end_of_record
