TN:
SF:src/gilded_rose.js
FN:2,(anonymous_0)
FN:10,(anonymous_1)
FN:13,(anonymous_2)
FNF:3
FNH:3
FNDA:11,(anonymous_0)
FNDA:11,(anonymous_1)
FNDA:11,(anonymous_2)
DA:3,11
DA:4,11
DA:5,11
DA:11,11
DA:14,11
DA:15,11
DA:16,5
DA:17,3
DA:18,2
DA:22,6
DA:23,5
DA:24,5
DA:25,4
DA:26,3
DA:27,3
DA:30,4
DA:31,2
DA:32,2
DA:38,11
DA:39,10
DA:41,11
DA:42,3
DA:43,3
DA:44,2
DA:45,1
DA:46,1
DA:50,1
DA:56,11
DA:60,1
LF:29
LH:29
BRDA:10,0,0,0
BRDA:15,1,0,5
BRDA:15,1,1,6
BRDA:15,2,0,11
BRDA:15,2,1,9
BRDA:16,3,0,3
BRDA:16,3,1,2
BRDA:17,4,0,2
BRDA:17,4,1,1
BRDA:22,5,0,5
BRDA:22,5,1,1
BRDA:24,6,0,4
BRDA:24,6,1,1
BRDA:25,7,0,3
BRDA:25,7,1,1
BRDA:26,8,0,3
BRDA:26,8,1,0
BRDA:30,9,0,2
BRDA:30,9,1,2
BRDA:31,10,0,2
BRDA:31,10,1,0
BRDA:38,11,0,10
BRDA:38,11,1,1
BRDA:41,12,0,3
BRDA:41,12,1,8
BRDA:42,13,0,3
BRDA:42,13,1,0
BRDA:43,14,0,2
BRDA:43,14,1,1
BRDA:44,15,0,1
BRDA:44,15,1,1
BRDA:45,16,0,1
BRDA:45,16,1,0
BRF:33
BRH:28
end_of_record
